{
  "stats": {
    "suites": 1,
    "tests": 1,
    "passes": 0,
    "pending": 0,
    "failures": 1,
    "start": "2020-07-20T02:57:22.858Z",
    "end": "2020-07-20T02:57:52.761Z",
    "duration": 29903,
    "testsRegistered": 1,
    "passPercent": 0,
    "pendingPercent": 0,
    "other": 0,
    "hasOther": false,
    "skipped": 0,
    "hasSkipped": false
  },
  "results": [
    {
      "uuid": "c7de3b74-3947-4374-8460-d421f9edb8f8",
      "title": "",
      "fullFile": "cypress/integration/sampletests/login_test.js",
      "file": "cypress/integration/sampletests/login_test.js",
      "beforeHooks": [],
      "afterHooks": [],
      "tests": [],
      "suites": [
        {
          "uuid": "5ddb55cb-e9b4-48df-b68a-9abdb2e34c91",
          "title": "free crm app",
          "fullFile": "",
          "file": "",
          "beforeHooks": [],
          "afterHooks": [],
          "tests": [
            {
              "title": "login test",
              "fullTitle": "free crm app login test",
              "timedOut": null,
              "duration": 25628,
              "state": "failed",
              "speed": null,
              "pass": false,
              "fail": true,
              "pending": false,
              "context": null,
              "code": "cy.visit('https://classic.crmpro.com/');\ncy.title().should('have', 'CRMPRO  - CRM software for customer relationship management, sales, and support.');\ncy.get('input[name=\"username\"]').type('batchautomation');\ncy.get('input[name=\"password\"]').type('Test@12345');\ncy.get('input[type=\"submit\"]').click();\ncy.title().should('have', 'CRMPRO');\ncy.get('Contacts').click();",
              "err": {
                "message": "AssertionError: Timed out retrying: Expected to find element: `Contacts`, but never found it.",
                "estack": "AssertionError: Timed out retrying: Expected to find element: `Contacts`, but never found it.\n    at Context.eval (https://classic.crmpro.com/__cypress/tests?p=cypress/integration/sampletests/login_test.js:12:8)",
                "diff": null
              },
              "uuid": "40974d80-88a4-42ef-be78-1db4685e13ab",
              "parentUUID": "5ddb55cb-e9b4-48df-b68a-9abdb2e34c91",
              "isHook": false,
              "skipped": false
            }
          ],
          "suites": [],
          "passes": [],
          "failures": [
            "40974d80-88a4-42ef-be78-1db4685e13ab"
          ],
          "pending": [],
          "skipped": [],
          "duration": 25628,
          "root": false,
          "rootEmpty": false,
          "_timeout": 2000
        }
      ],
      "passes": [],
      "failures": [],
      "pending": [],
      "skipped": [],
      "duration": 0,
      "root": true,
      "rootEmpty": true,
      "_timeout": 2000
    }
  ],
  "meta": {
    "mocha": {
      "version": "7.0.1"
    },
    "mochawesome": {
      "options": {
        "quiet": false,
        "reportFilename": "report",
        "saveHtml": true,
        "saveJson": true,
        "consoleReporter": "spec",
        "useInlineDiffs": false,
        "code": true
      },
      "version": "6.1.1"
    },
    "marge": {
      "options": {
        "reportDir": "cypress/reports",
        "reportFilename": "report",
        "overwrite": false,
        "html": true,
        "json": true,
        "charts": true
      },
      "version": "5.1.0"
    }
  }
}