{
  "stats": {
    "suites": 1,
    "tests": 1,
    "passes": 1,
    "pending": 0,
    "failures": 0,
    "start": "2020-07-20T02:57:06.314Z",
    "end": "2020-07-20T02:57:17.534Z",
    "duration": 11220,
    "testsRegistered": 1,
    "passPercent": 100,
    "pendingPercent": 0,
    "other": 0,
    "hasOther": false,
    "skipped": 0,
    "hasSkipped": false
  },
  "results": [
    {
      "uuid": "55b85e6f-e6bd-40b0-91a2-a9b0beaad200",
      "title": "",
      "fullFile": "cypress/integration/sampletests/hubspot_login_test.js",
      "file": "cypress/integration/sampletests/hubspot_login_test.js",
      "beforeHooks": [],
      "afterHooks": [],
      "tests": [],
      "suites": [
        {
          "uuid": "8e30c2bf-7d28-437b-96b8-134407275427",
          "title": "hub spot page feature",
          "fullFile": "",
          "file": "",
          "beforeHooks": [],
          "afterHooks": [],
          "tests": [
            {
              "title": "handle hub spot login test",
              "fullTitle": "hub spot page feature handle hub spot login test",
              "timedOut": null,
              "duration": 8679,
              "state": "passed",
              "speed": "slow",
              "pass": true,
              "fail": false,
              "pending": false,
              "context": null,
              "code": "cy.visit('https://app.hubspot.com/login', {\n  failOnStatusCode: false\n});\ncy.get('#username').type('naveen@gmail.com');\ncy.get('#password').type('naveen@g123');\ncy.get('#loginBtn').click();",
              "err": {},
              "uuid": "3c429964-6e1d-41e7-ba44-0999fbf15bf4",
              "parentUUID": "8e30c2bf-7d28-437b-96b8-134407275427",
              "isHook": false,
              "skipped": false
            }
          ],
          "suites": [],
          "passes": [
            "3c429964-6e1d-41e7-ba44-0999fbf15bf4"
          ],
          "failures": [],
          "pending": [],
          "skipped": [],
          "duration": 8679,
          "root": false,
          "rootEmpty": false,
          "_timeout": 2000
        }
      ],
      "passes": [],
      "failures": [],
      "pending": [],
      "skipped": [],
      "duration": 0,
      "root": true,
      "rootEmpty": true,
      "_timeout": 2000
    }
  ],
  "meta": {
    "mocha": {
      "version": "7.0.1"
    },
    "mochawesome": {
      "options": {
        "quiet": false,
        "reportFilename": "report",
        "saveHtml": true,
        "saveJson": true,
        "consoleReporter": "spec",
        "useInlineDiffs": false,
        "code": true
      },
      "version": "6.1.1"
    },
    "marge": {
      "options": {
        "reportDir": "cypress/reports",
        "reportFilename": "report",
        "overwrite": false,
        "html": true,
        "json": true,
        "charts": true
      },
      "version": "5.1.0"
    }
  }
}