{
  "stats": {
    "suites": 1,
    "tests": 3,
    "passes": 0,
    "pending": 2,
    "failures": 1,
    "start": "2020-07-20T02:54:20.680Z",
    "end": "2020-07-20T02:55:24.913Z",
    "duration": 64233,
    "testsRegistered": 3,
    "passPercent": 0,
    "pendingPercent": 66.66666666666666,
    "other": 0,
    "hasOther": false,
    "skipped": 0,
    "hasSkipped": false
  },
  "results": [
    {
      "uuid": "4f859c2e-c7d1-4e3a-a62a-defc32af8e76",
      "title": "",
      "fullFile": "cypress/integration/sampletests/dropdown_test.js",
      "file": "cypress/integration/sampletests/dropdown_test.js",
      "beforeHooks": [],
      "afterHooks": [],
      "tests": [],
      "suites": [
        {
          "uuid": "fd21820c-dfb8-467a-ad3a-25e6ba513834",
          "title": "dropdown test",
          "fullFile": "",
          "file": "",
          "beforeHooks": [],
          "afterHooks": [],
          "tests": [
            {
              "title": "dropdown",
              "fullTitle": "dropdown test dropdown",
              "timedOut": null,
              "duration": 0,
              "state": "pending",
              "speed": null,
              "pass": false,
              "fail": false,
              "pending": true,
              "context": null,
              "code": "",
              "err": {},
              "uuid": "1abe46aa-a88f-4c1e-9a39-213aad9f7234",
              "parentUUID": "fd21820c-dfb8-467a-ad3a-25e6ba513834",
              "isHook": false,
              "skipped": false
            },
            {
              "title": "google search",
              "fullTitle": "dropdown test google search",
              "timedOut": null,
              "duration": 0,
              "state": "pending",
              "speed": null,
              "pass": false,
              "fail": false,
              "pending": true,
              "context": null,
              "code": "",
              "err": {},
              "uuid": "7a051f2a-c409-49d6-9b1e-b4a2afb52edf",
              "parentUUID": "fd21820c-dfb8-467a-ad3a-25e6ba513834",
              "isHook": false,
              "skipped": false
            },
            {
              "title": "automation ecom search",
              "fullTitle": "dropdown test automation ecom search",
              "timedOut": null,
              "duration": 64127,
              "state": "failed",
              "speed": null,
              "pass": false,
              "fail": true,
              "pending": false,
              "context": null,
              "code": "cy.visit('http://automationpractice.com/index.php');\ncy.get('#search_query_top').type('dress');\ncy.get('.ac_results').find('li').contains('T-shirts').click();",
              "err": {
                "message": "CypressError: Timed out after waiting `60000ms` for your remote page to load.\n\nYour page did not fire its `load` event within `60000ms`.\n\nYou can try increasing the `pageLoadTimeout` value in `cypress.json` to wait longer.\n\nBrowsers will not fire the `load` event until all stylesheets and scripts are done downloading.\n\nWhen this `load` event occurs, Cypress will continue running commands.",
                "estack": "CypressError: Timed out after waiting `60000ms` for your remote page to load.\n\nYour page did not fire its `load` event within `60000ms`.\n\nYou can try increasing the `pageLoadTimeout` value in `cypress.json` to wait longer.\n\nBrowsers will not fire the `load` event until all stylesheets and scripts are done downloading.\n\nWhen this `load` event occurs, Cypress will continue running commands.\n    at timedOutWaitingForPageLoad (http://localhost:57038/__cypress/runner/cypress_runner.js:155493:13)\n    at http://localhost:57038/__cypress/runner/cypress_runner.js:156469:16\n    at tryCatcher (http://localhost:57038/__cypress/runner/cypress_runner.js:10130:23)\n    at http://localhost:57038/__cypress/runner/cypress_runner.js:5252:41\n    at tryCatcher (http://localhost:57038/__cypress/runner/cypress_runner.js:10130:23)\n    at Promise._settlePromiseFromHandler (http://localhost:57038/__cypress/runner/cypress_runner.js:8065:31)\n    at Promise._settlePromise (http://localhost:57038/__cypress/runner/cypress_runner.js:8122:18)\n    at Promise._settlePromise0 (http://localhost:57038/__cypress/runner/cypress_runner.js:8167:10)\n    at Promise._settlePromises (http://localhost:57038/__cypress/runner/cypress_runner.js:8243:18)\n    at _drainQueueStep (http://localhost:57038/__cypress/runner/cypress_runner.js:4837:12)\n    at _drainQueue (http://localhost:57038/__cypress/runner/cypress_runner.js:4830:9)\n    at Async.../../node_modules/bluebird/js/release/async.js.Async._drainQueues (http://localhost:57038/__cypress/runner/cypress_runner.js:4846:5)\n    at Async.drainQueues (http://localhost:57038/__cypress/runner/cypress_runner.js:4716:14)\nFrom Your Spec Code:\n    at Context.eval (http://localhost:57038/__cypress/tests?p=cypress/integration/sampletests/dropdown_test.js:19:8)",
                "diff": null
              },
              "uuid": "7c6940f7-9be3-4947-9acb-054ea2752138",
              "parentUUID": "fd21820c-dfb8-467a-ad3a-25e6ba513834",
              "isHook": false,
              "skipped": false
            }
          ],
          "suites": [],
          "passes": [],
          "failures": [
            "7c6940f7-9be3-4947-9acb-054ea2752138"
          ],
          "pending": [
            "1abe46aa-a88f-4c1e-9a39-213aad9f7234",
            "7a051f2a-c409-49d6-9b1e-b4a2afb52edf"
          ],
          "skipped": [],
          "duration": 64127,
          "root": false,
          "rootEmpty": false,
          "_timeout": 2000
        }
      ],
      "passes": [],
      "failures": [],
      "pending": [],
      "skipped": [],
      "duration": 0,
      "root": true,
      "rootEmpty": true,
      "_timeout": 2000
    }
  ],
  "meta": {
    "mocha": {
      "version": "7.0.1"
    },
    "mochawesome": {
      "options": {
        "quiet": false,
        "reportFilename": "report",
        "saveHtml": true,
        "saveJson": true,
        "consoleReporter": "spec",
        "useInlineDiffs": false,
        "code": true
      },
      "version": "6.1.1"
    },
    "marge": {
      "options": {
        "reportDir": "cypress/reports",
        "reportFilename": "report",
        "overwrite": false,
        "html": true,
        "json": true,
        "charts": true
      },
      "version": "5.1.0"
    }
  }
}